2022-08-10 12:32:41
<b>ewww_image_optimizer_init()</b>
checking active plugins
<b>ewww_image_optimizer_admin_init()</b>
<b>EIO_Base::content_url()</b>
upload_url: https://nzdravkovic.wppsbootcamp.com/digitel/wp-content/uploads/
<b>EIO_Base::__construct()</b>
plugin (resource) content_url: https://nzdravkovic.wppsbootcamp.com/digitel/wp-content/ewww/
plugin (resource) content_dir: /home/nzdravkovic/public_html/digitel/wp-content/ewww/
home url: https://nzdravkovic.wppsbootcamp.com/digitel/
relative home url: //nzdravkovic.wppsbootcamp.com/digitel/
home domain: nzdravkovic.wppsbootcamp.com
site/upload url: https://nzdravkovic.wppsbootcamp.com/digitel
site/upload domain: nzdravkovic.wppsbootcamp.com
<b>ewww_image_optimizer_cloud_init()</b>
<b>ewww_image_optimizer_upgrade()</b>
<b>ewww_image_optimizer_exec_init()</b>
<b>ewww_image_optimizer_cron_setup()</b>
<b>ewww_image_optimizer_ajax_compat_check()</b>
doing delete-plugin
<b>EWWWIO_Tracking::schedule_send()</b>
2022-08-10 12:32:49
<b>ewww_image_optimizer_init()</b>
checking active plugins
<b>ewww_image_optimizer_admin_init()</b>
<b>EIO_Base::content_url()</b>
upload_url: https://nzdravkovic.wppsbootcamp.com/digitel/wp-content/uploads/
<b>EIO_Base::__construct()</b>
plugin (resource) content_url: https://nzdravkovic.wppsbootcamp.com/digitel/wp-content/ewww/
plugin (resource) content_dir: /home/nzdravkovic/public_html/digitel/wp-content/ewww/
home url: https://nzdravkovic.wppsbootcamp.com/digitel/
relative home url: //nzdravkovic.wppsbootcamp.com/digitel/
home domain: nzdravkovic.wppsbootcamp.com
site/upload url: https://nzdravkovic.wppsbootcamp.com/digitel
site/upload domain: nzdravkovic.wppsbootcamp.com
<b>ewww_image_optimizer_cloud_init()</b>
<b>ewww_image_optimizer_upgrade()</b>
<b>ewww_image_optimizer_exec_init()</b>
<b>ewww_image_optimizer_cron_setup()</b>
<b>ewww_image_optimizer_ajax_compat_check()</b>
doing delete-plugin
<b>EWWWIO_Tracking::schedule_send()</b>
2022-08-10 12:32:58
<b>ewww_image_optimizer_init()</b>
checking active plugins
<b>ewww_image_optimizer_admin_init()</b>
<b>EIO_Base::content_url()</b>
upload_url: https://nzdravkovic.wppsbootcamp.com/digitel/wp-content/uploads/
<b>EIO_Base::__construct()</b>
plugin (resource) content_url: https://nzdravkovic.wppsbootcamp.com/digitel/wp-content/ewww/
plugin (resource) content_dir: /home/nzdravkovic/public_html/digitel/wp-content/ewww/
home url: https://nzdravkovic.wppsbootcamp.com/digitel/
relative home url: //nzdravkovic.wppsbootcamp.com/digitel/
home domain: nzdravkovic.wppsbootcamp.com
site/upload url: https://nzdravkovic.wppsbootcamp.com/digitel
site/upload domain: nzdravkovic.wppsbootcamp.com
<b>ewww_image_optimizer_cloud_init()</b>
<b>ewww_image_optimizer_upgrade()</b>
<b>ewww_image_optimizer_exec_init()</b>
<b>ewww_image_optimizer_cron_setup()</b>
<b>ewww_image_optimizer_ajax_compat_check()</b>
doing search-install-plugins
<b>EWWWIO_Tracking::schedule_send()</b>
2022-08-10 12:33:05
<b>ewww_image_optimizer_init()</b>
checking active plugins
<b>ewww_image_optimizer_admin_init()</b>
<b>EIO_Base::content_url()</b>
upload_url: https://nzdravkovic.wppsbootcamp.com/digitel/wp-content/uploads/
<b>EIO_Base::__construct()</b>
plugin (resource) content_url: https://nzdravkovic.wppsbootcamp.com/digitel/wp-content/ewww/
plugin (resource) content_dir: /home/nzdravkovic/public_html/digitel/wp-content/ewww/
home url: https://nzdravkovic.wppsbootcamp.com/digitel/
relative home url: //nzdravkovic.wppsbootcamp.com/digitel/
home domain: nzdravkovic.wppsbootcamp.com
site/upload url: https://nzdravkovic.wppsbootcamp.com/digitel
site/upload domain: nzdravkovic.wppsbootcamp.com
<b>ewww_image_optimizer_cloud_init()</b>
<b>ewww_image_optimizer_upgrade()</b>
<b>ewww_image_optimizer_exec_init()</b>
<b>ewww_image_optimizer_cron_setup()</b>
<b>ewww_image_optimizer_ajax_compat_check()</b>
doing install-plugin
<b>EWWWIO_Tracking::schedule_send()</b>
2022-08-10 12:33:38
<b>ewww_image_optimizer_init()</b>
checking active plugins
<b>ewww_image_optimizer_admin_init()</b>
<b>EIO_Base::content_url()</b>
upload_url: https://nzdravkovic.wppsbootcamp.com/digitel/wp-content/uploads/
<b>EIO_Base::__construct()</b>
plugin (resource) content_url: https://nzdravkovic.wppsbootcamp.com/digitel/wp-content/ewww/
plugin (resource) content_dir: /home/nzdravkovic/public_html/digitel/wp-content/ewww/
home url: https://nzdravkovic.wppsbootcamp.com/digitel/
relative home url: //nzdravkovic.wppsbootcamp.com/digitel/
home domain: nzdravkovic.wppsbootcamp.com
site/upload url: https://nzdravkovic.wppsbootcamp.com/digitel
site/upload domain: nzdravkovic.wppsbootcamp.com
<b>ewww_image_optimizer_cloud_init()</b>
<b>ewww_image_optimizer_upgrade()</b>
<b>ewww_image_optimizer_exec_init()</b>
<b>ewww_image_optimizer_cron_setup()</b>
<b>ewww_image_optimizer_ajax_compat_check()</b>
doing shortpixel_image_processing
<b>EWWWIO_Tracking::schedule_send()</b>
2022-08-10 12:33:48
<b>ewww_image_optimizer_init()</b>
checking active plugins
<b>ewww_image_optimizer_admin_init()</b>
<b>EIO_Base::content_url()</b>
upload_url: https://nzdravkovic.wppsbootcamp.com/digitel/wp-content/uploads/
<b>EIO_Base::__construct()</b>
plugin (resource) content_url: https://nzdravkovic.wppsbootcamp.com/digitel/wp-content/ewww/
plugin (resource) content_dir: /home/nzdravkovic/public_html/digitel/wp-content/ewww/
home url: https://nzdravkovic.wppsbootcamp.com/digitel/
relative home url: //nzdravkovic.wppsbootcamp.com/digitel/
home domain: nzdravkovic.wppsbootcamp.com
site/upload url: https://nzdravkovic.wppsbootcamp.com/digitel
site/upload domain: nzdravkovic.wppsbootcamp.com
<b>ewww_image_optimizer_cloud_init()</b>
<b>ewww_image_optimizer_upgrade()</b>
<b>ewww_image_optimizer_exec_init()</b>
<b>ewww_image_optimizer_cron_setup()</b>
<b>ewww_image_optimizer_ajax_compat_check()</b>
doing shortpixel_image_processing
<b>EWWWIO_Tracking::schedule_send()</b>
2022-08-10 12:34:17
<b>ewww_image_optimizer_init()</b>
checking active plugins
<b>ewww_image_optimizer_admin_init()</b>
<b>EIO_Base::content_url()</b>
upload_url: https://nzdravkovic.wppsbootcamp.com/digitel/wp-content/uploads/
<b>EIO_Base::__construct()</b>
plugin (resource) content_url: https://nzdravkovic.wppsbootcamp.com/digitel/wp-content/ewww/
plugin (resource) content_dir: /home/nzdravkovic/public_html/digitel/wp-content/ewww/
home url: https://nzdravkovic.wppsbootcamp.com/digitel/
relative home url: //nzdravkovic.wppsbootcamp.com/digitel/
home domain: nzdravkovic.wppsbootcamp.com
site/upload url: https://nzdravkovic.wppsbootcamp.com/digitel
site/upload domain: nzdravkovic.wppsbootcamp.com
<b>ewww_image_optimizer_cloud_init()</b>
<b>ewww_image_optimizer_upgrade()</b>
<b>ewww_image_optimizer_exec_init()</b>
<b>ewww_image_optimizer_cron_setup()</b>
<b>ewww_image_optimizer_ajax_compat_check()</b>
doing shortpixel_image_processing
<b>EWWWIO_Tracking::schedule_send()</b>
2022-08-10 12:35:00
<b>ewww_image_optimizer_init()</b>
checking active plugins
<b>ewww_image_optimizer_admin_init()</b>
<b>EIO_Base::content_url()</b>
upload_url: https://nzdravkovic.wppsbootcamp.com/digitel/wp-content/uploads/
<b>EIO_Base::__construct()</b>
plugin (resource) content_url: https://nzdravkovic.wppsbootcamp.com/digitel/wp-content/ewww/
plugin (resource) content_dir: /home/nzdravkovic/public_html/digitel/wp-content/ewww/
home url: https://nzdravkovic.wppsbootcamp.com/digitel/
relative home url: //nzdravkovic.wppsbootcamp.com/digitel/
home domain: nzdravkovic.wppsbootcamp.com
site/upload url: https://nzdravkovic.wppsbootcamp.com/digitel
site/upload domain: nzdravkovic.wppsbootcamp.com
<b>ewww_image_optimizer_cloud_init()</b>
<b>ewww_image_optimizer_upgrade()</b>
<b>ewww_image_optimizer_exec_init()</b>
<b>ewww_image_optimizer_cron_setup()</b>
<b>ewww_image_optimizer_ajax_compat_check()</b>
doing delete-plugin
<b>EWWWIO_Tracking::schedule_send()</b>
2022-08-10 12:35:04
<b>ewww_image_optimizer_init()</b>
checking active plugins
<b>ewww_image_optimizer_admin_init()</b>
<b>EIO_Base::content_url()</b>
upload_url: https://nzdravkovic.wppsbootcamp.com/digitel/wp-content/uploads/
<b>EIO_Base::__construct()</b>
plugin (resource) content_url: https://nzdravkovic.wppsbootcamp.com/digitel/wp-content/ewww/
plugin (resource) content_dir: /home/nzdravkovic/public_html/digitel/wp-content/ewww/
home url: https://nzdravkovic.wppsbootcamp.com/digitel/
relative home url: //nzdravkovic.wppsbootcamp.com/digitel/
home domain: nzdravkovic.wppsbootcamp.com
site/upload url: https://nzdravkovic.wppsbootcamp.com/digitel
site/upload domain: nzdravkovic.wppsbootcamp.com
<b>ewww_image_optimizer_cloud_init()</b>
<b>ewww_image_optimizer_upgrade()</b>
<b>ewww_image_optimizer_exec_init()</b>
<b>ewww_image_optimizer_cron_setup()</b>
<b>ewww_image_optimizer_ajax_compat_check()</b>
doing delete-plugin
<b>EWWWIO_Tracking::schedule_send()</b>
2022-08-10 12:35:15
<b>ewww_image_optimizer_init()</b>
checking active plugins
<b>ewww_image_optimizer_admin_init()</b>
<b>EIO_Base::content_url()</b>
upload_url: https://nzdravkovic.wppsbootcamp.com/digitel/wp-content/uploads/
<b>EIO_Base::__construct()</b>
plugin (resource) content_url: https://nzdravkovic.wppsbootcamp.com/digitel/wp-content/ewww/
plugin (resource) content_dir: /home/nzdravkovic/public_html/digitel/wp-content/ewww/
home url: https://nzdravkovic.wppsbootcamp.com/digitel/
relative home url: //nzdravkovic.wppsbootcamp.com/digitel/
home domain: nzdravkovic.wppsbootcamp.com
site/upload url: https://nzdravkovic.wppsbootcamp.com/digitel
site/upload domain: nzdravkovic.wppsbootcamp.com
<b>ewww_image_optimizer_cloud_init()</b>
<b>ewww_image_optimizer_upgrade()</b>
<b>ewww_image_optimizer_exec_init()</b>
<b>ewww_image_optimizer_cron_setup()</b>
<b>ewww_image_optimizer_ajax_compat_check()</b>
doing search-install-plugins
<b>EWWWIO_Tracking::schedule_send()</b>
2022-08-10 12:35:21
<b>ewww_image_optimizer_init()</b>
checking active plugins
<b>ewww_image_optimizer_admin_init()</b>
<b>EIO_Base::content_url()</b>
upload_url: https://nzdravkovic.wppsbootcamp.com/digitel/wp-content/uploads/
<b>EIO_Base::__construct()</b>
plugin (resource) content_url: https://nzdravkovic.wppsbootcamp.com/digitel/wp-content/ewww/
plugin (resource) content_dir: /home/nzdravkovic/public_html/digitel/wp-content/ewww/
home url: https://nzdravkovic.wppsbootcamp.com/digitel/
relative home url: //nzdravkovic.wppsbootcamp.com/digitel/
home domain: nzdravkovic.wppsbootcamp.com
site/upload url: https://nzdravkovic.wppsbootcamp.com/digitel
site/upload domain: nzdravkovic.wppsbootcamp.com
<b>ewww_image_optimizer_cloud_init()</b>
<b>ewww_image_optimizer_upgrade()</b>
<b>ewww_image_optimizer_exec_init()</b>
<b>ewww_image_optimizer_cron_setup()</b>
<b>ewww_image_optimizer_ajax_compat_check()</b>
doing install-plugin
<b>EWWWIO_Tracking::schedule_send()</b>
2022-08-10 12:35:25
<b>ewww_image_optimizer_init()</b>
checking active plugins
